00:00:00.000155 main     VirtualBox XPCOM Server 6.0.4 r128164 linux.amd64 (Mar  5 2019 19:56:31) release log
00:00:00.000156 main     Log opened 2019-03-18T19:40:25.047621000Z
00:00:00.000157 main     Build Type: release
00:00:00.000159 main     OS Product: Linux
00:00:00.000160 main     OS Release: 5.0.2-arch1-1-ARCH
00:00:00.000160 main     OS Version: #1 SMP PREEMPT Thu Mar 14 18:47:49 UTC 2019
00:00:00.000181 main     DMI Product Name: MacBookPro12,1
00:00:00.000186 main     DMI Product Version: 1.0
00:00:00.000214 main     Host RAM: 7878MB (7.6GB) total, 6265MB (6.1GB) available
00:00:00.000216 main     Executable: /usr/lib/virtualbox/VBoxSVC
00:00:00.000217 main     Process ID: 20440
00:00:00.000217 main     Package type: LINUX_64BITS_GENERIC (OSE)
00:00:00.001686 main     IPC socket path: /tmp/.vbox-etienne-ipc/ipcd
00:00:00.110740 nspr-2   VirtualBox: object creation starts
00:00:00.110926 nspr-2   Home directory: '/home/etienne/.config/VirtualBox'
00:00:00.111300 nspr-2   Loading settings file "/home/etienne/.config/VirtualBox/VirtualBox.xml" with version "1.12-linux"
00:00:00.114250 nspr-2   Successfully initialised host USB using sysfs
00:00:00.125544 nspr-2   Failed to retrive disk info: getDiskName(/dev/mapper/vg0-root) --> vg0-root
00:00:00.130194 nspr-2   NetIfAdpCtlOut: VBoxNetAdpCtl: Error while retrieving link status for wlp3s0: VBoxNetAdpCtl: ioctl failed: Operation not supported
00:00:00.130700 nspr-2   NAT: resolv.conf: nameserver 10.162.8.10
00:00:00.130711 nspr-2   NAT: resolv.conf: nameserver 10.162.8.11
00:00:00.130718 nspr-2   HostDnsMonitor::updateInfo
00:00:00.130732 nspr-2   HostDnsMonitor: old information
00:00:00.130734 nspr-2     no server entries
00:00:00.130736 nspr-2     no domain set
00:00:00.130738 nspr-2     no search string entries
00:00:00.130741 nspr-2   HostDnsMonitor: new information
00:00:00.130742 nspr-2     server 1: 10.162.8.10
00:00:00.130745 nspr-2     server 2: 10.162.8.11
00:00:00.130747 nspr-2     no domain set
00:00:00.130749 nspr-2     no search string entries
00:00:00.133246 nspr-2   VD: VDInit finished with VINF_SUCCESS
00:00:00.133325 nspr-2   ERROR [COM]: aRC=NS_ERROR_FAILURE (0x80004005) aIID={d55176e5-6730-4e9e-fc1f-a59b1f44f78f} aComponent={SystemPropertiesWrap} aText={Cannot determine default Guest Additions ISO location. Most likely they are not available}, preserve=false aResultDetail=0
00:00:00.136879 nspr-2   Loading settings file "/home/etienne/VirtualBox VMs/Windows 7/Windows 7.vbox" with version "1.15-linux"
00:00:00.137734 nspr-2   OCI: Local config file '/home/etienne/.config/VirtualBox/oci_config' does not exist
00:00:00.137748 nspr-2   OCI: Original config file '/home/etienne/.oci/config' does not exist
00:00:00.137751 nspr-2   OCI: Reading profiles finished with status NS_OK
00:00:00.137756 nspr-2   ExtPack: Created cloud provider 'OCI' (hrc=NS_OK)
00:00:00.137772 nspr-2   VirtualBox: object created
00:00:02.982786 nspr-6   Load [/usr/lib/virtualbox/ExtensionPacks/Oracle_VM_VirtualBox_Extension_Pack/linux.amd64/VBoxHostWebcam.so] vrc=VINF_SUCCESS
00:00:03.099780 nspr-5   ERROR [COM]: aRC=VBOX_E_IPRT_ERROR (0x80bb0005) aIID={5047460a-265d-4538-b23e-ddba5fb84976} aComponent={SessionMachine} aText={Saved screenshot data is not available (VERR_NOT_SUPPORTED)}, preserve=false aResultDetail=-37
00:00:03.113602 nspr-5   NetIfAdpCtlOut: VBoxNetAdpCtl: Error while retrieving link status for wlp3s0: VBoxNetAdpCtl: ioctl failed: Operation not supported
00:00:06.276554 nspr-7   Saving settings file "/home/etienne/.config/VirtualBox/VirtualBox.xml" with version "1.12-linux"
00:00:06.301183 nspr-8   Saving settings file "/home/etienne/.config/VirtualBox/VirtualBox.xml" with version "1.12-linux"
00:00:11.382410 nspr-3   Saving settings file "/home/etienne/.config/VirtualBox/VirtualBox.xml" with version "1.12-linux"
00:01:45.040959 nspr-8   Saving settings file "/home/etienne/.config/VirtualBox/VirtualBox.xml" with version "1.12-linux"
00:21:06.803969 nspr-4   Saving settings file "/home/etienne/VirtualBox VMs/Windows 7/Windows 7.vbox" with version "1.15-linux"
00:22:20.597951 main     VirtualBox: object deletion starts
00:22:20.598146 main     ERROR [COM]: aRC=VBOX_E_OBJECT_IN_USE (0x80bb000c) aIID={ad47ad09-787b-44ab-b343-a082a3f2dfb1} aComponent={MediumWrap} aText={Medium '/home/etienne/VirtualBox VMs/Windows 7/Windows 7.vdi' cannot be closed because it is still attached to 1 virtual machines}, preserve=false aResultDetail=0
00:22:20.836152 Watcher  ERROR [COM]: aRC=E_ACCESSDENIED (0x80070005) aIID={d0a0163f-e254-4e5b-a1f2-011cf991c38d} aComponent={VirtualBoxWrap} aText={The object is not ready}, preserve=false aResultDetail=0
00:22:25.615209 main     {00007fcb8c018290} HostPowerServiceLinux::~HostPowerServiceLinux: RTThreadWait() for 5000 ms failed with VERR_TIMEOUT
00:22:25.615580 main     VirtualBox: object deleted
